<?xml version="1.0" encoding="UTF-8"?>
<robot generator="Robot 2.9 (Jython 2.7.0 on java1.8.0_60)" generated="20150916 19:38:49.295">
<suite source="C:\Users\Whitney Wood\tic-tac-toe\acceptance\TicTacToeGUITests.txt" name="TicTacToeGUITests" id="s1">
<test name="Win Diagonally as X" id="s1-t1">
<kw name="Start New Game">
<kw library="SwingLibrary" name="Start Application">
<doc>Alias for `Launch Application` keyword</doc>
<arguments>
<arg>edu.jsu.mcis.TicTacToe</arg>
</arguments>
<status endtime="20150916 19:38:50.750" starttime="20150916 19:38:50.545" status="PASS"></status>
</kw>
<kw library="SwingLibrary" name="Select Window">
<doc>Selects a window as current context and sets focus to it.</doc>
<arguments>
<arg>Tic Tac Toe</arg>
</arguments>
<status endtime="20150916 19:38:50.860" starttime="20150916 19:38:50.750" status="PASS"></status>
</kw>
<status endtime="20150916 19:38:50.860" starttime="20150916 19:38:50.545" status="PASS"></status>
</kw>
<kw name="Mark Location">
<arguments>
<arg>1</arg>
<arg>1</arg>
</arguments>
<kw library="BuiltIn" name="Catenate">
<doc>Catenates the given items together and returns the resulted string.</doc>
<arguments>
<arg>SEPARATOR=</arg>
<arg>Location</arg>
<arg>${row}</arg>
<arg>${col}</arg>
</arguments>
<assign>
<var>${component}</var>
</assign>
<msg level="INFO" timestamp="20150916 19:38:50.875">${component} = Location11</msg>
<status endtime="20150916 19:38:50.875" starttime="20150916 19:38:50.860" status="PASS"></status>
</kw>
<kw library="SwingLibrary" name="Click On Component">
<doc>Clicks on a component.</doc>
<arguments>
<arg>${component}</arg>
</arguments>
<status endtime="20150916 19:38:50.938" starttime="20150916 19:38:50.875" status="PASS"></status>
</kw>
<status endtime="20150916 19:38:50.938" starttime="20150916 19:38:50.860" status="PASS"></status>
</kw>
<kw name="Check Location">
<arguments>
<arg>1</arg>
<arg>1</arg>
<arg>X</arg>
</arguments>
<kw library="BuiltIn" name="Catenate">
<doc>Catenates the given items together and returns the resulted string.</doc>
<arguments>
<arg>SEPARATOR=</arg>
<arg>Location</arg>
<arg>${row}</arg>
<arg>${col}</arg>
</arguments>
<assign>
<var>${component}</var>
</assign>
<msg level="INFO" timestamp="20150916 19:38:50.953">${component} = Location11</msg>
<status endtime="20150916 19:38:50.953" starttime="20150916 19:38:50.953" status="PASS"></status>
</kw>
<kw library="SwingLibrary" name="Get Button Text">
<doc>Uses current context to search for a button and when found, returns the text it is labeled with.</doc>
<arguments>
<arg>${component}</arg>
</arguments>
<assign>
<var>${btntext}</var>
</assign>
<msg level="INFO" timestamp="20150916 19:38:51.016">${btntext} = X</msg>
<status endtime="20150916 19:38:51.016" starttime="20150916 19:38:50.953" status="PASS"></status>
</kw>
<kw library="BuiltIn" name="Should Be Equal">
<doc>Fails if the given objects are unequal.</doc>
<arguments>
<arg>${btntext}</arg>
<arg>${mark}</arg>
</arguments>
<status endtime="20150916 19:38:51.032" starttime="20150916 19:38:51.016" status="PASS"></status>
</kw>
<status endtime="20150916 19:38:51.032" starttime="20150916 19:38:50.938" status="PASS"></status>
</kw>
<kw name="Mark Location">
<arguments>
<arg>0</arg>
<arg>1</arg>
</arguments>
<kw library="BuiltIn" name="Catenate">
<doc>Catenates the given items together and returns the resulted string.</doc>
<arguments>
<arg>SEPARATOR=</arg>
<arg>Location</arg>
<arg>${row}</arg>
<arg>${col}</arg>
</arguments>
<assign>
<var>${component}</var>
</assign>
<msg level="INFO" timestamp="20150916 19:38:51.047">${component} = Location01</msg>
<status endtime="20150916 19:38:51.047" starttime="20150916 19:38:51.032" status="PASS"></status>
</kw>
<kw library="SwingLibrary" name="Click On Component">
<doc>Clicks on a component.</doc>
<arguments>
<arg>${component}</arg>
</arguments>
<status endtime="20150916 19:38:51.063" starttime="20150916 19:38:51.047" status="PASS"></status>
</kw>
<status endtime="20150916 19:38:51.063" starttime="20150916 19:38:51.032" status="PASS"></status>
</kw>
<kw name="Check Location">
<arguments>
<arg>0</arg>
<arg>1</arg>
<arg>O</arg>
</arguments>
<kw library="BuiltIn" name="Catenate">
<doc>Catenates the given items together and returns the resulted string.</doc>
<arguments>
<arg>SEPARATOR=</arg>
<arg>Location</arg>
<arg>${row}</arg>
<arg>${col}</arg>
</arguments>
<assign>
<var>${component}</var>
</assign>
<msg level="INFO" timestamp="20150916 19:38:51.078">${component} = Location01</msg>
<status endtime="20150916 19:38:51.078" starttime="20150916 19:38:51.063" status="PASS"></status>
</kw>
<kw library="SwingLibrary" name="Get Button Text">
<doc>Uses current context to search for a button and when found, returns the text it is labeled with.</doc>
<arguments>
<arg>${component}</arg>
</arguments>
<assign>
<var>${btntext}</var>
</assign>
<msg level="INFO" timestamp="20150916 19:38:51.094">${btntext} = O</msg>
<status endtime="20150916 19:38:51.094" starttime="20150916 19:38:51.078" status="PASS"></status>
</kw>
<kw library="BuiltIn" name="Should Be Equal">
<doc>Fails if the given objects are unequal.</doc>
<arguments>
<arg>${btntext}</arg>
<arg>${mark}</arg>
</arguments>
<status endtime="20150916 19:38:51.094" starttime="20150916 19:38:51.094" status="PASS"></status>
</kw>
<status endtime="20150916 19:38:51.094" starttime="20150916 19:38:51.063" status="PASS"></status>
</kw>
<kw name="Mark Location">
<arguments>
<arg>0</arg>
<arg>0</arg>
</arguments>
<kw library="BuiltIn" name="Catenate">
<doc>Catenates the given items together and returns the resulted string.</doc>
<arguments>
<arg>SEPARATOR=</arg>
<arg>Location</arg>
<arg>${row}</arg>
<arg>${col}</arg>
</arguments>
<assign>
<var>${component}</var>
</assign>
<msg level="INFO" timestamp="20150916 19:38:51.125">${component} = Location00</msg>
<status endtime="20150916 19:38:51.125" starttime="20150916 19:38:51.110" status="PASS"></status>
</kw>
<kw library="SwingLibrary" name="Click On Component">
<doc>Clicks on a component.</doc>
<arguments>
<arg>${component}</arg>
</arguments>
<status endtime="20150916 19:38:51.141" starttime="20150916 19:38:51.125" status="PASS"></status>
</kw>
<status endtime="20150916 19:38:51.141" starttime="20150916 19:38:51.110" status="PASS"></status>
</kw>
<kw name="Check Location">
<arguments>
<arg>0</arg>
<arg>0</arg>
<arg>X</arg>
</arguments>
<kw library="BuiltIn" name="Catenate">
<doc>Catenates the given items together and returns the resulted string.</doc>
<arguments>
<arg>SEPARATOR=</arg>
<arg>Location</arg>
<arg>${row}</arg>
<arg>${col}</arg>
</arguments>
<assign>
<var>${component}</var>
</assign>
<msg level="INFO" timestamp="20150916 19:38:51.157">${component} = Location00</msg>
<status endtime="20150916 19:38:51.157" starttime="20150916 19:38:51.157" status="PASS"></status>
</kw>
<kw library="SwingLibrary" name="Get Button Text">
<doc>Uses current context to search for a button and when found, returns the text it is labeled with.</doc>
<arguments>
<arg>${component}</arg>
</arguments>
<assign>
<var>${btntext}</var>
</assign>
<msg level="INFO" timestamp="20150916 19:38:51.172">${btntext} = X</msg>
<status endtime="20150916 19:38:51.172" starttime="20150916 19:38:51.157" status="PASS"></status>
</kw>
<kw library="BuiltIn" name="Should Be Equal">
<doc>Fails if the given objects are unequal.</doc>
<arguments>
<arg>${btntext}</arg>
<arg>${mark}</arg>
</arguments>
<status endtime="20150916 19:38:51.235" starttime="20150916 19:38:51.219" status="PASS"></status>
</kw>
<status endtime="20150916 19:38:51.235" starttime="20150916 19:38:51.141" status="PASS"></status>
</kw>
<kw name="Mark Location">
<arguments>
<arg>0</arg>
<arg>2</arg>
</arguments>
<kw library="BuiltIn" name="Catenate">
<doc>Catenates the given items together and returns the resulted string.</doc>
<arguments>
<arg>SEPARATOR=</arg>
<arg>Location</arg>
<arg>${row}</arg>
<arg>${col}</arg>
</arguments>
<assign>
<var>${component}</var>
</assign>
<msg level="INFO" timestamp="20150916 19:38:51.250">${component} = Location02</msg>
<status endtime="20150916 19:38:51.250" starttime="20150916 19:38:51.235" status="PASS"></status>
</kw>
<kw library="SwingLibrary" name="Click On Component">
<doc>Clicks on a component.</doc>
<arguments>
<arg>${component}</arg>
</arguments>
<status endtime="20150916 19:38:51.266" starttime="20150916 19:38:51.250" status="PASS"></status>
</kw>
<status endtime="20150916 19:38:51.266" starttime="20150916 19:38:51.235" status="PASS"></status>
</kw>
<kw name="Check Location">
<arguments>
<arg>0</arg>
<arg>2</arg>
<arg>O</arg>
</arguments>
<kw library="BuiltIn" name="Catenate">
<doc>Catenates the given items together and returns the resulted string.</doc>
<arguments>
<arg>SEPARATOR=</arg>
<arg>Location</arg>
<arg>${row}</arg>
<arg>${col}</arg>
</arguments>
<assign>
<var>${component}</var>
</assign>
<msg level="INFO" timestamp="20150916 19:38:51.282">${component} = Location02</msg>
<status endtime="20150916 19:38:51.282" starttime="20150916 19:38:51.266" status="PASS"></status>
</kw>
<kw library="SwingLibrary" name="Get Button Text">
<doc>Uses current context to search for a button and when found, returns the text it is labeled with.</doc>
<arguments>
<arg>${component}</arg>
</arguments>
<assign>
<var>${btntext}</var>
</assign>
<msg level="INFO" timestamp="20150916 19:38:51.297">${btntext} = O</msg>
<status endtime="20150916 19:38:51.297" starttime="20150916 19:38:51.282" status="PASS"></status>
</kw>
<kw library="BuiltIn" name="Should Be Equal">
<doc>Fails if the given objects are unequal.</doc>
<arguments>
<arg>${btntext}</arg>
<arg>${mark}</arg>
</arguments>
<status endtime="20150916 19:38:51.297" starttime="20150916 19:38:51.297" status="PASS"></status>
</kw>
<status endtime="20150916 19:38:51.297" starttime="20150916 19:38:51.266" status="PASS"></status>
</kw>
<kw name="Mark Location">
<arguments>
<arg>2</arg>
<arg>2</arg>
</arguments>
<kw library="BuiltIn" name="Catenate">
<doc>Catenates the given items together and returns the resulted string.</doc>
<arguments>
<arg>SEPARATOR=</arg>
<arg>Location</arg>
<arg>${row}</arg>
<arg>${col}</arg>
</arguments>
<assign>
<var>${component}</var>
</assign>
<msg level="INFO" timestamp="20150916 19:38:51.313">${component} = Location22</msg>
<status endtime="20150916 19:38:51.328" starttime="20150916 19:38:51.313" status="PASS"></status>
</kw>
<kw library="SwingLibrary" name="Click On Component">
<doc>Clicks on a component.</doc>
<arguments>
<arg>${component}</arg>
</arguments>
<status endtime="20150916 19:38:53.162" starttime="20150916 19:38:51.328" status="PASS"></status>
</kw>
<status endtime="20150916 19:38:53.162" starttime="20150916 19:38:51.313" status="PASS"></status>
</kw>
<kw name="Check Location">
<arguments>
<arg>2</arg>
<arg>2</arg>
<arg>X</arg>
</arguments>
<kw library="BuiltIn" name="Catenate">
<doc>Catenates the given items together and returns the resulted string.</doc>
<arguments>
<arg>SEPARATOR=</arg>
<arg>Location</arg>
<arg>${row}</arg>
<arg>${col}</arg>
</arguments>
<assign>
<var>${component}</var>
</assign>
<msg level="INFO" timestamp="20150916 19:38:53.193">${component} = Location22</msg>
<status endtime="20150916 19:38:53.193" starttime="20150916 19:38:53.178" status="PASS"></status>
</kw>
<kw library="SwingLibrary" name="Get Button Text">
<doc>Uses current context to search for a button and when found, returns the text it is labeled with.</doc>
<arguments>
<arg>${component}</arg>
</arguments>
<assign>
<var>${btntext}</var>
</assign>
<msg level="INFO" timestamp="20150916 19:38:53.209">${btntext} = X</msg>
<status endtime="20150916 19:38:53.209" starttime="20150916 19:38:53.193" status="PASS"></status>
</kw>
<kw library="BuiltIn" name="Should Be Equal">
<doc>Fails if the given objects are unequal.</doc>
<arguments>
<arg>${btntext}</arg>
<arg>${mark}</arg>
</arguments>
<status endtime="20150916 19:38:53.224" starttime="20150916 19:38:53.209" status="PASS"></status>
</kw>
<status endtime="20150916 19:38:53.224" starttime="20150916 19:38:53.178" status="PASS"></status>
</kw>
<kw name="Winner Should Be">
<arguments>
<arg>X</arg>
</arguments>
<kw library="SwingLibrary" name="Select Dialog">
<doc>Selects a dialog as current context and sets focus to it.</doc>
<arguments>
<arg>Game Over</arg>
</arguments>
<status endtime="20150916 19:38:54.115" starttime="20150916 19:38:53.224" status="PASS"></status>
</kw>
<kw library="BuiltIn" name="Catenate">
<doc>Catenates the given items together and returns the resulted string.</doc>
<arguments>
<arg>The winner is</arg>
<arg>${winner}</arg>
</arguments>
<assign>
<var>${message}</var>
</assign>
<msg level="INFO" timestamp="20150916 19:38:54.115">${message} = The winner is X</msg>
<status endtime="20150916 19:38:54.131" starttime="20150916 19:38:54.115" status="PASS"></status>
</kw>
<kw library="SwingLibrary" name="Label Text Should Be">
<doc>Checks the equality of given text and the text displayed on a label.</doc>
<arguments>
<arg>OptionPane.label</arg>
<arg>${message}</arg>
</arguments>
<status endtime="20150916 19:38:54.162" starttime="20150916 19:38:54.131" status="PASS"></status>
</kw>
<kw library="SwingLibrary" name="Close Dialog">
<doc>Closes a dialog.</doc>
<arguments>
<arg>Game Over</arg>
</arguments>
<status endtime="20150916 19:38:54.178" starttime="20150916 19:38:54.162" status="PASS"></status>
</kw>
<kw library="SwingLibrary" name="Close Window">
<doc>Closes a window.</doc>
<arguments>
<arg>Tic Tac Toe</arg>
</arguments>
<status endtime="20150916 19:39:04.345" starttime="20150916 19:38:54.178" status="PASS"></status>
</kw>
<status endtime="20150916 19:39:04.345" starttime="20150916 19:38:53.224" status="PASS"></status>
</kw>
<status critical="yes" endtime="20150916 19:39:04.361" starttime="20150916 19:38:50.530" status="PASS"></status>
</test>
<test name="Win Horizontally as O" id="s1-t2">
<kw name="Start New Game">
<kw library="SwingLibrary" name="Start Application">
<doc>Alias for `Launch Application` keyword</doc>
<arguments>
<arg>edu.jsu.mcis.TicTacToe</arg>
</arguments>
<status endtime="20150916 19:39:04.407" starttime="20150916 19:39:04.361" status="PASS"></status>
</kw>
<kw library="SwingLibrary" name="Select Window">
<doc>Selects a window as current context and sets focus to it.</doc>
<arguments>
<arg>Tic Tac Toe</arg>
</arguments>
<status endtime="20150916 19:39:04.439" starttime="20150916 19:39:04.423" status="PASS"></status>
</kw>
<status endtime="20150916 19:39:04.439" starttime="20150916 19:39:04.361" status="PASS"></status>
</kw>
<kw name="Mark Location">
<arguments>
<arg>1</arg>
<arg>1</arg>
</arguments>
<kw library="BuiltIn" name="Catenate">
<doc>Catenates the given items together and returns the resulted string.</doc>
<arguments>
<arg>SEPARATOR=</arg>
<arg>Location</arg>
<arg>${row}</arg>
<arg>${col}</arg>
</arguments>
<assign>
<var>${component}</var>
</assign>
<msg level="INFO" timestamp="20150916 19:39:04.454">${component} = Location11</msg>
<status endtime="20150916 19:39:04.454" starttime="20150916 19:39:04.439" status="PASS"></status>
</kw>
<kw library="SwingLibrary" name="Click On Component">
<doc>Clicks on a component.</doc>
<arguments>
<arg>${component}</arg>
</arguments>
<status endtime="20150916 19:39:04.470" starttime="20150916 19:39:04.454" status="PASS"></status>
</kw>
<status endtime="20150916 19:39:04.470" starttime="20150916 19:39:04.439" status="PASS"></status>
</kw>
<kw name="Check Location">
<arguments>
<arg>1</arg>
<arg>1</arg>
<arg>X</arg>
</arguments>
<kw library="BuiltIn" name="Catenate">
<doc>Catenates the given items together and returns the resulted string.</doc>
<arguments>
<arg>SEPARATOR=</arg>
<arg>Location</arg>
<arg>${row}</arg>
<arg>${col}</arg>
</arguments>
<assign>
<var>${component}</var>
</assign>
<msg level="INFO" timestamp="20150916 19:39:04.486">${component} = Location11</msg>
<status endtime="20150916 19:39:04.486" starttime="20150916 19:39:04.470" status="PASS"></status>
</kw>
<kw library="SwingLibrary" name="Get Button Text">
<doc>Uses current context to search for a button and when found, returns the text it is labeled with.</doc>
<arguments>
<arg>${component}</arg>
</arguments>
<assign>
<var>${btntext}</var>
</assign>
<msg level="INFO" timestamp="20150916 19:39:04.501">${btntext} = X</msg>
<status endtime="20150916 19:39:04.501" starttime="20150916 19:39:04.486" status="PASS"></status>
</kw>
<kw library="BuiltIn" name="Should Be Equal">
<doc>Fails if the given objects are unequal.</doc>
<arguments>
<arg>${btntext}</arg>
<arg>${mark}</arg>
</arguments>
<status endtime="20150916 19:39:04.501" starttime="20150916 19:39:04.501" status="PASS"></status>
</kw>
<status endtime="20150916 19:39:04.501" starttime="20150916 19:39:04.470" status="PASS"></status>
</kw>
<kw name="Mark Location">
<arguments>
<arg>2</arg>
<arg>0</arg>
</arguments>
<kw library="BuiltIn" name="Catenate">
<doc>Catenates the given items together and returns the resulted string.</doc>
<arguments>
<arg>SEPARATOR=</arg>
<arg>Location</arg>
<arg>${row}</arg>
<arg>${col}</arg>
</arguments>
<assign>
<var>${component}</var>
</assign>
<msg level="INFO" timestamp="20150916 19:39:04.517">${component} = Location20</msg>
<status endtime="20150916 19:39:04.517" starttime="20150916 19:39:04.517" status="PASS"></status>
</kw>
<kw library="SwingLibrary" name="Click On Component">
<doc>Clicks on a component.</doc>
<arguments>
<arg>${component}</arg>
</arguments>
<status endtime="20150916 19:39:04.542" starttime="20150916 19:39:04.517" status="PASS"></status>
</kw>
<status endtime="20150916 19:39:04.542" starttime="20150916 19:39:04.501" status="PASS"></status>
</kw>
<kw name="Check Location">
<arguments>
<arg>2</arg>
<arg>0</arg>
<arg>O</arg>
</arguments>
<kw library="BuiltIn" name="Catenate">
<doc>Catenates the given items together and returns the resulted string.</doc>
<arguments>
<arg>SEPARATOR=</arg>
<arg>Location</arg>
<arg>${row}</arg>
<arg>${col}</arg>
</arguments>
<assign>
<var>${component}</var>
</assign>
<msg level="INFO" timestamp="20150916 19:39:04.557">${component} = Location20</msg>
<status endtime="20150916 19:39:04.557" starttime="20150916 19:39:04.557" status="PASS"></status>
</kw>
<kw library="SwingLibrary" name="Get Button Text">
<doc>Uses current context to search for a button and when found, returns the text it is labeled with.</doc>
<arguments>
<arg>${component}</arg>
</arguments>
<assign>
<var>${btntext}</var>
</assign>
<msg level="INFO" timestamp="20150916 19:39:04.573">${btntext} = O</msg>
<status endtime="20150916 19:39:04.573" starttime="20150916 19:39:04.557" status="PASS"></status>
</kw>
<kw library="BuiltIn" name="Should Be Equal">
<doc>Fails if the given objects are unequal.</doc>
<arguments>
<arg>${btntext}</arg>
<arg>${mark}</arg>
</arguments>
<status endtime="20150916 19:39:04.573" starttime="20150916 19:39:04.573" status="PASS"></status>
</kw>
<status endtime="20150916 19:39:04.589" starttime="20150916 19:39:04.542" status="PASS"></status>
</kw>
<kw name="Mark Location">
<arguments>
<arg>0</arg>
<arg>0</arg>
</arguments>
<kw library="BuiltIn" name="Catenate">
<doc>Catenates the given items together and returns the resulted string.</doc>
<arguments>
<arg>SEPARATOR=</arg>
<arg>Location</arg>
<arg>${row}</arg>
<arg>${col}</arg>
</arguments>
<assign>
<var>${component}</var>
</assign>
<msg level="INFO" timestamp="20150916 19:39:04.589">${component} = Location00</msg>
<status endtime="20150916 19:39:04.589" starttime="20150916 19:39:04.589" status="PASS"></status>
</kw>
<kw library="SwingLibrary" name="Click On Component">
<doc>Clicks on a component.</doc>
<arguments>
<arg>${component}</arg>
</arguments>
<status endtime="20150916 19:39:04.604" starttime="20150916 19:39:04.589" status="PASS"></status>
</kw>
<status endtime="20150916 19:39:04.604" starttime="20150916 19:39:04.589" status="PASS"></status>
</kw>
<kw name="Check Location">
<arguments>
<arg>0</arg>
<arg>0</arg>
<arg>X</arg>
</arguments>
<kw library="BuiltIn" name="Catenate">
<doc>Catenates the given items together and returns the resulted string.</doc>
<arguments>
<arg>SEPARATOR=</arg>
<arg>Location</arg>
<arg>${row}</arg>
<arg>${col}</arg>
</arguments>
<assign>
<var>${component}</var>
</assign>
<msg level="INFO" timestamp="20150916 19:39:04.620">${component} = Location00</msg>
<status endtime="20150916 19:39:04.620" starttime="20150916 19:39:04.620" status="PASS"></status>
</kw>
<kw library="SwingLibrary" name="Get Button Text">
<doc>Uses current context to search for a button and when found, returns the text it is labeled with.</doc>
<arguments>
<arg>${component}</arg>
</arguments>
<assign>
<var>${btntext}</var>
</assign>
<msg level="INFO" timestamp="20150916 19:39:04.620">${btntext} = X</msg>
<status endtime="20150916 19:39:04.620" starttime="20150916 19:39:04.620" status="PASS"></status>
</kw>
<kw library="BuiltIn" name="Should Be Equal">
<doc>Fails if the given objects are unequal.</doc>
<arguments>
<arg>${btntext}</arg>
<arg>${mark}</arg>
</arguments>
<status endtime="20150916 19:39:04.636" starttime="20150916 19:39:04.620" status="PASS"></status>
</kw>
<status endtime="20150916 19:39:04.636" starttime="20150916 19:39:04.604" status="PASS"></status>
</kw>
<kw name="Mark Location">
<arguments>
<arg>2</arg>
<arg>2</arg>
</arguments>
<kw library="BuiltIn" name="Catenate">
<doc>Catenates the given items together and returns the resulted string.</doc>
<arguments>
<arg>SEPARATOR=</arg>
<arg>Location</arg>
<arg>${row}</arg>
<arg>${col}</arg>
</arguments>
<assign>
<var>${component}</var>
</assign>
<msg level="INFO" timestamp="20150916 19:39:04.651">${component} = Location22</msg>
<status endtime="20150916 19:39:04.651" starttime="20150916 19:39:04.636" status="PASS"></status>
</kw>
<kw library="SwingLibrary" name="Click On Component">
<doc>Clicks on a component.</doc>
<arguments>
<arg>${component}</arg>
</arguments>
<status endtime="20150916 19:39:04.651" starttime="20150916 19:39:04.651" status="PASS"></status>
</kw>
<status endtime="20150916 19:39:04.667" starttime="20150916 19:39:04.636" status="PASS"></status>
</kw>
<kw name="Check Location">
<arguments>
<arg>2</arg>
<arg>2</arg>
<arg>O</arg>
</arguments>
<kw library="BuiltIn" name="Catenate">
<doc>Catenates the given items together and returns the resulted string.</doc>
<arguments>
<arg>SEPARATOR=</arg>
<arg>Location</arg>
<arg>${row}</arg>
<arg>${col}</arg>
</arguments>
<assign>
<var>${component}</var>
</assign>
<msg level="INFO" timestamp="20150916 19:39:04.667">${component} = Location22</msg>
<status endtime="20150916 19:39:04.667" starttime="20150916 19:39:04.667" status="PASS"></status>
</kw>
<kw library="SwingLibrary" name="Get Button Text">
<doc>Uses current context to search for a button and when found, returns the text it is labeled with.</doc>
<arguments>
<arg>${component}</arg>
</arguments>
<assign>
<var>${btntext}</var>
</assign>
<msg level="INFO" timestamp="20150916 19:39:04.682">${btntext} = O</msg>
<status endtime="20150916 19:39:04.682" starttime="20150916 19:39:04.667" status="PASS"></status>
</kw>
<kw library="BuiltIn" name="Should Be Equal">
<doc>Fails if the given objects are unequal.</doc>
<arguments>
<arg>${btntext}</arg>
<arg>${mark}</arg>
</arguments>
<status endtime="20150916 19:39:04.682" starttime="20150916 19:39:04.682" status="PASS"></status>
</kw>
<status endtime="20150916 19:39:04.682" starttime="20150916 19:39:04.667" status="PASS"></status>
</kw>
<kw name="Mark Location">
<arguments>
<arg>0</arg>
<arg>2</arg>
</arguments>
<kw library="BuiltIn" name="Catenate">
<doc>Catenates the given items together and returns the resulted string.</doc>
<arguments>
<arg>SEPARATOR=</arg>
<arg>Location</arg>
<arg>${row}</arg>
<arg>${col}</arg>
</arguments>
<assign>
<var>${component}</var>
</assign>
<msg level="INFO" timestamp="20150916 19:39:04.682">${component} = Location02</msg>
<status endtime="20150916 19:39:04.682" starttime="20150916 19:39:04.682" status="PASS"></status>
</kw>
<kw library="SwingLibrary" name="Click On Component">
<doc>Clicks on a component.</doc>
<arguments>
<arg>${component}</arg>
</arguments>
<status endtime="20150916 19:39:04.698" starttime="20150916 19:39:04.698" status="PASS"></status>
</kw>
<status endtime="20150916 19:39:04.698" starttime="20150916 19:39:04.682" status="PASS"></status>
</kw>
<kw name="Check Location">
<arguments>
<arg>0</arg>
<arg>2</arg>
<arg>X</arg>
</arguments>
<kw library="BuiltIn" name="Catenate">
<doc>Catenates the given items together and returns the resulted string.</doc>
<arguments>
<arg>SEPARATOR=</arg>
<arg>Location</arg>
<arg>${row}</arg>
<arg>${col}</arg>
</arguments>
<assign>
<var>${component}</var>
</assign>
<msg level="INFO" timestamp="20150916 19:39:04.714">${component} = Location02</msg>
<status endtime="20150916 19:39:04.714" starttime="20150916 19:39:04.714" status="PASS"></status>
</kw>
<kw library="SwingLibrary" name="Get Button Text">
<doc>Uses current context to search for a button and when found, returns the text it is labeled with.</doc>
<arguments>
<arg>${component}</arg>
</arguments>
<assign>
<var>${btntext}</var>
</assign>
<msg level="INFO" timestamp="20150916 19:39:04.734">${btntext} = X</msg>
<status endtime="20150916 19:39:04.734" starttime="20150916 19:39:04.714" status="PASS"></status>
</kw>
<kw library="BuiltIn" name="Should Be Equal">
<doc>Fails if the given objects are unequal.</doc>
<arguments>
<arg>${btntext}</arg>
<arg>${mark}</arg>
</arguments>
<status endtime="20150916 19:39:04.734" starttime="20150916 19:39:04.734" status="PASS"></status>
</kw>
<status endtime="20150916 19:39:04.734" starttime="20150916 19:39:04.698" status="PASS"></status>
</kw>
<kw name="Mark Location">
<arguments>
<arg>2</arg>
<arg>1</arg>
</arguments>
<kw library="BuiltIn" name="Catenate">
<doc>Catenates the given items together and returns the resulted string.</doc>
<arguments>
<arg>SEPARATOR=</arg>
<arg>Location</arg>
<arg>${row}</arg>
<arg>${col}</arg>
</arguments>
<assign>
<var>${component}</var>
</assign>
<msg level="INFO" timestamp="20150916 19:39:04.749">${component} = Location21</msg>
<status endtime="20150916 19:39:04.749" starttime="20150916 19:39:04.749" status="PASS"></status>
</kw>
<kw library="SwingLibrary" name="Click On Component">
<doc>Clicks on a component.</doc>
<arguments>
<arg>${component}</arg>
</arguments>
<status endtime="20150916 19:39:06.221" starttime="20150916 19:39:04.749" status="PASS"></status>
</kw>
<status endtime="20150916 19:39:06.221" starttime="20150916 19:39:04.734" status="PASS"></status>
</kw>
<kw name="Check Location">
<arguments>
<arg>2</arg>
<arg>1</arg>
<arg>O</arg>
</arguments>
<kw library="BuiltIn" name="Catenate">
<doc>Catenates the given items together and returns the resulted string.</doc>
<arguments>
<arg>SEPARATOR=</arg>
<arg>Location</arg>
<arg>${row}</arg>
<arg>${col}</arg>
</arguments>
<assign>
<var>${component}</var>
</assign>
<msg level="INFO" timestamp="20150916 19:39:06.237">${component} = Location21</msg>
<status endtime="20150916 19:39:06.237" starttime="20150916 19:39:06.221" status="PASS"></status>
</kw>
<kw library="SwingLibrary" name="Get Button Text">
<doc>Uses current context to search for a button and when found, returns the text it is labeled with.</doc>
<arguments>
<arg>${component}</arg>
</arguments>
<assign>
<var>${btntext}</var>
</assign>
<msg level="INFO" timestamp="20150916 19:39:06.237">${btntext} = O</msg>
<status endtime="20150916 19:39:06.237" starttime="20150916 19:39:06.237" status="PASS"></status>
</kw>
<kw library="BuiltIn" name="Should Be Equal">
<doc>Fails if the given objects are unequal.</doc>
<arguments>
<arg>${btntext}</arg>
<arg>${mark}</arg>
</arguments>
<status endtime="20150916 19:39:06.252" starttime="20150916 19:39:06.237" status="PASS"></status>
</kw>
<status endtime="20150916 19:39:06.252" starttime="20150916 19:39:06.221" status="PASS"></status>
</kw>
<kw name="Winner Should Be">
<arguments>
<arg>O</arg>
</arguments>
<kw library="SwingLibrary" name="Select Dialog">
<doc>Selects a dialog as current context and sets focus to it.</doc>
<arguments>
<arg>Game Over</arg>
</arguments>
<status endtime="20150916 19:39:07.504" starttime="20150916 19:39:06.252" status="PASS"></status>
</kw>
<kw library="BuiltIn" name="Catenate">
<doc>Catenates the given items together and returns the resulted string.</doc>
<arguments>
<arg>The winner is</arg>
<arg>${winner}</arg>
</arguments>
<assign>
<var>${message}</var>
</assign>
<msg level="INFO" timestamp="20150916 19:39:07.504">${message} = The winner is O</msg>
<status endtime="20150916 19:39:07.504" starttime="20150916 19:39:07.504" status="PASS"></status>
</kw>
<kw library="SwingLibrary" name="Label Text Should Be">
<doc>Checks the equality of given text and the text displayed on a label.</doc>
<arguments>
<arg>OptionPane.label</arg>
<arg>${message}</arg>
</arguments>
<status endtime="20150916 19:39:07.520" starttime="20150916 19:39:07.520" status="PASS"></status>
</kw>
<kw library="SwingLibrary" name="Close Dialog">
<doc>Closes a dialog.</doc>
<arguments>
<arg>Game Over</arg>
</arguments>
<status endtime="20150916 19:39:07.536" starttime="20150916 19:39:07.520" status="PASS"></status>
</kw>
<kw library="SwingLibrary" name="Close Window">
<doc>Closes a window.</doc>
<arguments>
<arg>Tic Tac Toe</arg>
</arguments>
<status endtime="20150916 19:39:17.670" starttime="20150916 19:39:07.536" status="PASS"></status>
</kw>
<status endtime="20150916 19:39:17.670" starttime="20150916 19:39:06.252" status="PASS"></status>
</kw>
<status critical="yes" endtime="20150916 19:39:17.685" starttime="20150916 19:39:04.361" status="PASS"></status>
</test>
<test name="Force a Tie" id="s1-t3">
<kw name="Start New Game">
<kw library="SwingLibrary" name="Start Application">
<doc>Alias for `Launch Application` keyword</doc>
<arguments>
<arg>edu.jsu.mcis.TicTacToe</arg>
</arguments>
<status endtime="20150916 19:39:17.748" starttime="20150916 19:39:17.701" status="PASS"></status>
</kw>
<kw library="SwingLibrary" name="Select Window">
<doc>Selects a window as current context and sets focus to it.</doc>
<arguments>
<arg>Tic Tac Toe</arg>
</arguments>
<status endtime="20150916 19:39:17.763" starttime="20150916 19:39:17.748" status="PASS"></status>
</kw>
<status endtime="20150916 19:39:17.763" starttime="20150916 19:39:17.701" status="PASS"></status>
</kw>
<kw name="Mark Location">
<arguments>
<arg>1</arg>
<arg>1</arg>
</arguments>
<kw library="BuiltIn" name="Catenate">
<doc>Catenates the given items together and returns the resulted string.</doc>
<arguments>
<arg>SEPARATOR=</arg>
<arg>Location</arg>
<arg>${row}</arg>
<arg>${col}</arg>
</arguments>
<assign>
<var>${component}</var>
</assign>
<msg level="INFO" timestamp="20150916 19:39:17.795">${component} = Location11</msg>
<status endtime="20150916 19:39:17.795" starttime="20150916 19:39:17.779" status="PASS"></status>
</kw>
<kw library="SwingLibrary" name="Click On Component">
<doc>Clicks on a component.</doc>
<arguments>
<arg>${component}</arg>
</arguments>
<status endtime="20150916 19:39:17.795" starttime="20150916 19:39:17.795" status="PASS"></status>
</kw>
<status endtime="20150916 19:39:17.795" starttime="20150916 19:39:17.763" status="PASS"></status>
</kw>
<kw name="Check Location">
<arguments>
<arg>1</arg>
<arg>1</arg>
<arg>X</arg>
</arguments>
<kw library="BuiltIn" name="Catenate">
<doc>Catenates the given items together and returns the resulted string.</doc>
<arguments>
<arg>SEPARATOR=</arg>
<arg>Location</arg>
<arg>${row}</arg>
<arg>${col}</arg>
</arguments>
<assign>
<var>${component}</var>
</assign>
<msg level="INFO" timestamp="20150916 19:39:17.810">${component} = Location11</msg>
<status endtime="20150916 19:39:17.810" starttime="20150916 19:39:17.810" status="PASS"></status>
</kw>
<kw library="SwingLibrary" name="Get Button Text">
<doc>Uses current context to search for a button and when found, returns the text it is labeled with.</doc>
<arguments>
<arg>${component}</arg>
</arguments>
<assign>
<var>${btntext}</var>
</assign>
<msg level="INFO" timestamp="20150916 19:39:17.826">${btntext} = X</msg>
<status endtime="20150916 19:39:17.826" starttime="20150916 19:39:17.810" status="PASS"></status>
</kw>
<kw library="BuiltIn" name="Should Be Equal">
<doc>Fails if the given objects are unequal.</doc>
<arguments>
<arg>${btntext}</arg>
<arg>${mark}</arg>
</arguments>
<status endtime="20150916 19:39:17.826" starttime="20150916 19:39:17.826" status="PASS"></status>
</kw>
<status endtime="20150916 19:39:17.826" starttime="20150916 19:39:17.810" status="PASS"></status>
</kw>
<kw name="Mark Location">
<arguments>
<arg>0</arg>
<arg>0</arg>
</arguments>
<kw library="BuiltIn" name="Catenate">
<doc>Catenates the given items together and returns the resulted string.</doc>
<arguments>
<arg>SEPARATOR=</arg>
<arg>Location</arg>
<arg>${row}</arg>
<arg>${col}</arg>
</arguments>
<assign>
<var>${component}</var>
</assign>
<msg level="INFO" timestamp="20150916 19:39:17.841">${component} = Location00</msg>
<status endtime="20150916 19:39:17.841" starttime="20150916 19:39:17.841" status="PASS"></status>
</kw>
<kw library="SwingLibrary" name="Click On Component">
<doc>Clicks on a component.</doc>
<arguments>
<arg>${component}</arg>
</arguments>
<status endtime="20150916 19:39:17.857" starttime="20150916 19:39:17.841" status="PASS"></status>
</kw>
<status endtime="20150916 19:39:17.857" starttime="20150916 19:39:17.826" status="PASS"></status>
</kw>
<kw name="Check Location">
<arguments>
<arg>0</arg>
<arg>0</arg>
<arg>O</arg>
</arguments>
<kw library="BuiltIn" name="Catenate">
<doc>Catenates the given items together and returns the resulted string.</doc>
<arguments>
<arg>SEPARATOR=</arg>
<arg>Location</arg>
<arg>${row}</arg>
<arg>${col}</arg>
</arguments>
<assign>
<var>${component}</var>
</assign>
<msg level="INFO" timestamp="20150916 19:39:17.857">${component} = Location00</msg>
<status endtime="20150916 19:39:17.873" starttime="20150916 19:39:17.857" status="PASS"></status>
</kw>
<kw library="SwingLibrary" name="Get Button Text">
<doc>Uses current context to search for a button and when found, returns the text it is labeled with.</doc>
<arguments>
<arg>${component}</arg>
</arguments>
<assign>
<var>${btntext}</var>
</assign>
<msg level="INFO" timestamp="20150916 19:39:17.873">${btntext} = O</msg>
<status endtime="20150916 19:39:17.873" starttime="20150916 19:39:17.873" status="PASS"></status>
</kw>
<kw library="BuiltIn" name="Should Be Equal">
<doc>Fails if the given objects are unequal.</doc>
<arguments>
<arg>${btntext}</arg>
<arg>${mark}</arg>
</arguments>
<status endtime="20150916 19:39:17.873" starttime="20150916 19:39:17.873" status="PASS"></status>
</kw>
<status endtime="20150916 19:39:17.873" starttime="20150916 19:39:17.857" status="PASS"></status>
</kw>
<kw name="Mark Location">
<arguments>
<arg>2</arg>
<arg>0</arg>
</arguments>
<kw library="BuiltIn" name="Catenate">
<doc>Catenates the given items together and returns the resulted string.</doc>
<arguments>
<arg>SEPARATOR=</arg>
<arg>Location</arg>
<arg>${row}</arg>
<arg>${col}</arg>
</arguments>
<assign>
<var>${component}</var>
</assign>
<msg level="INFO" timestamp="20150916 19:39:17.888">${component} = Location20</msg>
<status endtime="20150916 19:39:17.888" starttime="20150916 19:39:17.888" status="PASS"></status>
</kw>
<kw library="SwingLibrary" name="Click On Component">
<doc>Clicks on a component.</doc>
<arguments>
<arg>${component}</arg>
</arguments>
<status endtime="20150916 19:39:17.904" starttime="20150916 19:39:17.888" status="PASS"></status>
</kw>
<status endtime="20150916 19:39:17.904" starttime="20150916 19:39:17.873" status="PASS"></status>
</kw>
<kw name="Check Location">
<arguments>
<arg>2</arg>
<arg>0</arg>
<arg>X</arg>
</arguments>
<kw library="BuiltIn" name="Catenate">
<doc>Catenates the given items together and returns the resulted string.</doc>
<arguments>
<arg>SEPARATOR=</arg>
<arg>Location</arg>
<arg>${row}</arg>
<arg>${col}</arg>
</arguments>
<assign>
<var>${component}</var>
</assign>
<msg level="INFO" timestamp="20150916 19:39:17.920">${component} = Location20</msg>
<status endtime="20150916 19:39:17.920" starttime="20150916 19:39:17.920" status="PASS"></status>
</kw>
<kw library="SwingLibrary" name="Get Button Text">
<doc>Uses current context to search for a button and when found, returns the text it is labeled with.</doc>
<arguments>
<arg>${component}</arg>
</arguments>
<assign>
<var>${btntext}</var>
</assign>
<msg level="INFO" timestamp="20150916 19:39:17.935">${btntext} = X</msg>
<status endtime="20150916 19:39:17.935" starttime="20150916 19:39:17.920" status="PASS"></status>
</kw>
<kw library="BuiltIn" name="Should Be Equal">
<doc>Fails if the given objects are unequal.</doc>
<arguments>
<arg>${btntext}</arg>
<arg>${mark}</arg>
</arguments>
<status endtime="20150916 19:39:17.935" starttime="20150916 19:39:17.935" status="PASS"></status>
</kw>
<status endtime="20150916 19:39:17.951" starttime="20150916 19:39:17.904" status="PASS"></status>
</kw>
<kw name="Mark Location">
<arguments>
<arg>0</arg>
<arg>2</arg>
</arguments>
<kw library="BuiltIn" name="Catenate">
<doc>Catenates the given items together and returns the resulted string.</doc>
<arguments>
<arg>SEPARATOR=</arg>
<arg>Location</arg>
<arg>${row}</arg>
<arg>${col}</arg>
</arguments>
<assign>
<var>${component}</var>
</assign>
<msg level="INFO" timestamp="20150916 19:39:17.951">${component} = Location02</msg>
<status endtime="20150916 19:39:17.951" starttime="20150916 19:39:17.951" status="PASS"></status>
</kw>
<kw library="SwingLibrary" name="Click On Component">
<doc>Clicks on a component.</doc>
<arguments>
<arg>${component}</arg>
</arguments>
<status endtime="20150916 19:39:17.966" starttime="20150916 19:39:17.951" status="PASS"></status>
</kw>
<status endtime="20150916 19:39:17.966" starttime="20150916 19:39:17.951" status="PASS"></status>
</kw>
<kw name="Check Location">
<arguments>
<arg>0</arg>
<arg>2</arg>
<arg>O</arg>
</arguments>
<kw library="BuiltIn" name="Catenate">
<doc>Catenates the given items together and returns the resulted string.</doc>
<arguments>
<arg>SEPARATOR=</arg>
<arg>Location</arg>
<arg>${row}</arg>
<arg>${col}</arg>
</arguments>
<assign>
<var>${component}</var>
</assign>
<msg level="INFO" timestamp="20150916 19:39:17.982">${component} = Location02</msg>
<status endtime="20150916 19:39:17.982" starttime="20150916 19:39:17.982" status="PASS"></status>
</kw>
<kw library="SwingLibrary" name="Get Button Text">
<doc>Uses current context to search for a button and when found, returns the text it is labeled with.</doc>
<arguments>
<arg>${component}</arg>
</arguments>
<assign>
<var>${btntext}</var>
</assign>
<msg level="INFO" timestamp="20150916 19:39:17.998">${btntext} = O</msg>
<status endtime="20150916 19:39:17.998" starttime="20150916 19:39:17.982" status="PASS"></status>
</kw>
<kw library="BuiltIn" name="Should Be Equal">
<doc>Fails if the given objects are unequal.</doc>
<arguments>
<arg>${btntext}</arg>
<arg>${mark}</arg>
</arguments>
<status endtime="20150916 19:39:17.998" starttime="20150916 19:39:17.998" status="PASS"></status>
</kw>
<status endtime="20150916 19:39:17.998" starttime="20150916 19:39:17.982" status="PASS"></status>
</kw>
<kw name="Mark Location">
<arguments>
<arg>0</arg>
<arg>1</arg>
</arguments>
<kw library="BuiltIn" name="Catenate">
<doc>Catenates the given items together and returns the resulted string.</doc>
<arguments>
<arg>SEPARATOR=</arg>
<arg>Location</arg>
<arg>${row}</arg>
<arg>${col}</arg>
</arguments>
<assign>
<var>${component}</var>
</assign>
<msg level="INFO" timestamp="20150916 19:39:18.013">${component} = Location01</msg>
<status endtime="20150916 19:39:18.013" starttime="20150916 19:39:17.998" status="PASS"></status>
</kw>
<kw library="SwingLibrary" name="Click On Component">
<doc>Clicks on a component.</doc>
<arguments>
<arg>${component}</arg>
</arguments>
<status endtime="20150916 19:39:18.013" starttime="20150916 19:39:18.013" status="PASS"></status>
</kw>
<status endtime="20150916 19:39:18.013" starttime="20150916 19:39:17.998" status="PASS"></status>
</kw>
<kw name="Check Location">
<arguments>
<arg>0</arg>
<arg>1</arg>
<arg>X</arg>
</arguments>
<kw library="BuiltIn" name="Catenate">
<doc>Catenates the given items together and returns the resulted string.</doc>
<arguments>
<arg>SEPARATOR=</arg>
<arg>Location</arg>
<arg>${row}</arg>
<arg>${col}</arg>
</arguments>
<assign>
<var>${component}</var>
</assign>
<msg level="INFO" timestamp="20150916 19:39:18.029">${component} = Location01</msg>
<status endtime="20150916 19:39:18.029" starttime="20150916 19:39:18.029" status="PASS"></status>
</kw>
<kw library="SwingLibrary" name="Get Button Text">
<doc>Uses current context to search for a button and when found, returns the text it is labeled with.</doc>
<arguments>
<arg>${component}</arg>
</arguments>
<assign>
<var>${btntext}</var>
</assign>
<msg level="INFO" timestamp="20150916 19:39:18.045">${btntext} = X</msg>
<status endtime="20150916 19:39:18.045" starttime="20150916 19:39:18.029" status="PASS"></status>
</kw>
<kw library="BuiltIn" name="Should Be Equal">
<doc>Fails if the given objects are unequal.</doc>
<arguments>
<arg>${btntext}</arg>
<arg>${mark}</arg>
</arguments>
<status endtime="20150916 19:39:18.045" starttime="20150916 19:39:18.045" status="PASS"></status>
</kw>
<status endtime="20150916 19:39:18.045" starttime="20150916 19:39:18.029" status="PASS"></status>
</kw>
<kw name="Mark Location">
<arguments>
<arg>2</arg>
<arg>1</arg>
</arguments>
<kw library="BuiltIn" name="Catenate">
<doc>Catenates the given items together and returns the resulted string.</doc>
<arguments>
<arg>SEPARATOR=</arg>
<arg>Location</arg>
<arg>${row}</arg>
<arg>${col}</arg>
</arguments>
<assign>
<var>${component}</var>
</assign>
<msg level="INFO" timestamp="20150916 19:39:18.060">${component} = Location21</msg>
<status endtime="20150916 19:39:18.060" starttime="20150916 19:39:18.060" status="PASS"></status>
</kw>
<kw library="SwingLibrary" name="Click On Component">
<doc>Clicks on a component.</doc>
<arguments>
<arg>${component}</arg>
</arguments>
<status endtime="20150916 19:39:18.076" starttime="20150916 19:39:18.060" status="PASS"></status>
</kw>
<status endtime="20150916 19:39:18.076" starttime="20150916 19:39:18.045" status="PASS"></status>
</kw>
<kw name="Check Location">
<arguments>
<arg>2</arg>
<arg>1</arg>
<arg>O</arg>
</arguments>
<kw library="BuiltIn" name="Catenate">
<doc>Catenates the given items together and returns the resulted string.</doc>
<arguments>
<arg>SEPARATOR=</arg>
<arg>Location</arg>
<arg>${row}</arg>
<arg>${col}</arg>
</arguments>
<assign>
<var>${component}</var>
</assign>
<msg level="INFO" timestamp="20150916 19:39:18.091">${component} = Location21</msg>
<status endtime="20150916 19:39:18.091" starttime="20150916 19:39:18.091" status="PASS"></status>
</kw>
<kw library="SwingLibrary" name="Get Button Text">
<doc>Uses current context to search for a button and when found, returns the text it is labeled with.</doc>
<arguments>
<arg>${component}</arg>
</arguments>
<assign>
<var>${btntext}</var>
</assign>
<msg level="INFO" timestamp="20150916 19:39:18.107">${btntext} = O</msg>
<status endtime="20150916 19:39:18.107" starttime="20150916 19:39:18.091" status="PASS"></status>
</kw>
<kw library="BuiltIn" name="Should Be Equal">
<doc>Fails if the given objects are unequal.</doc>
<arguments>
<arg>${btntext}</arg>
<arg>${mark}</arg>
</arguments>
<status endtime="20150916 19:39:18.107" starttime="20150916 19:39:18.107" status="PASS"></status>
</kw>
<status endtime="20150916 19:39:18.107" starttime="20150916 19:39:18.076" status="PASS"></status>
</kw>
<kw name="Mark Location">
<arguments>
<arg>1</arg>
<arg>2</arg>
</arguments>
<kw library="BuiltIn" name="Catenate">
<doc>Catenates the given items together and returns the resulted string.</doc>
<arguments>
<arg>SEPARATOR=</arg>
<arg>Location</arg>
<arg>${row}</arg>
<arg>${col}</arg>
</arguments>
<assign>
<var>${component}</var>
</assign>
<msg level="INFO" timestamp="20150916 19:39:18.123">${component} = Location12</msg>
<status endtime="20150916 19:39:18.123" starttime="20150916 19:39:18.107" status="PASS"></status>
</kw>
<kw library="SwingLibrary" name="Click On Component">
<doc>Clicks on a component.</doc>
<arguments>
<arg>${component}</arg>
</arguments>
<status endtime="20150916 19:39:18.138" starttime="20150916 19:39:18.123" status="PASS"></status>
</kw>
<status endtime="20150916 19:39:18.138" starttime="20150916 19:39:18.107" status="PASS"></status>
</kw>
<kw name="Check Location">
<arguments>
<arg>1</arg>
<arg>2</arg>
<arg>X</arg>
</arguments>
<kw library="BuiltIn" name="Catenate">
<doc>Catenates the given items together and returns the resulted string.</doc>
<arguments>
<arg>SEPARATOR=</arg>
<arg>Location</arg>
<arg>${row}</arg>
<arg>${col}</arg>
</arguments>
<assign>
<var>${component}</var>
</assign>
<msg level="INFO" timestamp="20150916 19:39:18.138">${component} = Location12</msg>
<status endtime="20150916 19:39:18.138" starttime="20150916 19:39:18.138" status="PASS"></status>
</kw>
<kw library="SwingLibrary" name="Get Button Text">
<doc>Uses current context to search for a button and when found, returns the text it is labeled with.</doc>
<arguments>
<arg>${component}</arg>
</arguments>
<assign>
<var>${btntext}</var>
</assign>
<msg level="INFO" timestamp="20150916 19:39:18.154">${btntext} = X</msg>
<status endtime="20150916 19:39:18.154" starttime="20150916 19:39:18.138" status="PASS"></status>
</kw>
<kw library="BuiltIn" name="Should Be Equal">
<doc>Fails if the given objects are unequal.</doc>
<arguments>
<arg>${btntext}</arg>
<arg>${mark}</arg>
</arguments>
<status endtime="20150916 19:39:18.154" starttime="20150916 19:39:18.154" status="PASS"></status>
</kw>
<status endtime="20150916 19:39:18.154" starttime="20150916 19:39:18.138" status="PASS"></status>
</kw>
<kw name="Mark Location">
<arguments>
<arg>1</arg>
<arg>0</arg>
</arguments>
<kw library="BuiltIn" name="Catenate">
<doc>Catenates the given items together and returns the resulted string.</doc>
<arguments>
<arg>SEPARATOR=</arg>
<arg>Location</arg>
<arg>${row}</arg>
<arg>${col}</arg>
</arguments>
<assign>
<var>${component}</var>
</assign>
<msg level="INFO" timestamp="20150916 19:39:18.170">${component} = Location10</msg>
<status endtime="20150916 19:39:18.170" starttime="20150916 19:39:18.170" status="PASS"></status>
</kw>
<kw library="SwingLibrary" name="Click On Component">
<doc>Clicks on a component.</doc>
<arguments>
<arg>${component}</arg>
</arguments>
<status endtime="20150916 19:39:18.185" starttime="20150916 19:39:18.170" status="PASS"></status>
</kw>
<status endtime="20150916 19:39:18.185" starttime="20150916 19:39:18.154" status="PASS"></status>
</kw>
<kw name="Check Location">
<arguments>
<arg>1</arg>
<arg>0</arg>
<arg>O</arg>
</arguments>
<kw library="BuiltIn" name="Catenate">
<doc>Catenates the given items together and returns the resulted string.</doc>
<arguments>
<arg>SEPARATOR=</arg>
<arg>Location</arg>
<arg>${row}</arg>
<arg>${col}</arg>
</arguments>
<assign>
<var>${component}</var>
</assign>
<msg level="INFO" timestamp="20150916 19:39:18.201">${component} = Location10</msg>
<status endtime="20150916 19:39:18.201" starttime="20150916 19:39:18.185" status="PASS"></status>
</kw>
<kw library="SwingLibrary" name="Get Button Text">
<doc>Uses current context to search for a button and when found, returns the text it is labeled with.</doc>
<arguments>
<arg>${component}</arg>
</arguments>
<assign>
<var>${btntext}</var>
</assign>
<msg level="INFO" timestamp="20150916 19:39:18.201">${btntext} = O</msg>
<status endtime="20150916 19:39:18.201" starttime="20150916 19:39:18.201" status="PASS"></status>
</kw>
<kw library="BuiltIn" name="Should Be Equal">
<doc>Fails if the given objects are unequal.</doc>
<arguments>
<arg>${btntext}</arg>
<arg>${mark}</arg>
</arguments>
<status endtime="20150916 19:39:18.216" starttime="20150916 19:39:18.201" status="PASS"></status>
</kw>
<status endtime="20150916 19:39:18.216" starttime="20150916 19:39:18.185" status="PASS"></status>
</kw>
<kw name="Mark Location">
<arguments>
<arg>2</arg>
<arg>2</arg>
</arguments>
<kw library="BuiltIn" name="Catenate">
<doc>Catenates the given items together and returns the resulted string.</doc>
<arguments>
<arg>SEPARATOR=</arg>
<arg>Location</arg>
<arg>${row}</arg>
<arg>${col}</arg>
</arguments>
<assign>
<var>${component}</var>
</assign>
<msg level="INFO" timestamp="20150916 19:39:18.232">${component} = Location22</msg>
<status endtime="20150916 19:39:18.232" starttime="20150916 19:39:18.216" status="PASS"></status>
</kw>
<kw library="SwingLibrary" name="Click On Component">
<doc>Clicks on a component.</doc>
<arguments>
<arg>${component}</arg>
</arguments>
<status endtime="20150916 19:39:19.859" starttime="20150916 19:39:18.232" status="PASS"></status>
</kw>
<status endtime="20150916 19:39:19.859" starttime="20150916 19:39:18.216" status="PASS"></status>
</kw>
<kw name="Check Location">
<arguments>
<arg>2</arg>
<arg>2</arg>
<arg>X</arg>
</arguments>
<kw library="BuiltIn" name="Catenate">
<doc>Catenates the given items together and returns the resulted string.</doc>
<arguments>
<arg>SEPARATOR=</arg>
<arg>Location</arg>
<arg>${row}</arg>
<arg>${col}</arg>
</arguments>
<assign>
<var>${component}</var>
</assign>
<msg level="INFO" timestamp="20150916 19:39:19.874">${component} = Location22</msg>
<status endtime="20150916 19:39:19.874" starttime="20150916 19:39:19.859" status="PASS"></status>
</kw>
<kw library="SwingLibrary" name="Get Button Text">
<doc>Uses current context to search for a button and when found, returns the text it is labeled with.</doc>
<arguments>
<arg>${component}</arg>
</arguments>
<assign>
<var>${btntext}</var>
</assign>
<msg level="INFO" timestamp="20150916 19:39:19.874">${btntext} = X</msg>
<status endtime="20150916 19:39:19.874" starttime="20150916 19:39:19.874" status="PASS"></status>
</kw>
<kw library="BuiltIn" name="Should Be Equal">
<doc>Fails if the given objects are unequal.</doc>
<arguments>
<arg>${btntext}</arg>
<arg>${mark}</arg>
</arguments>
<status endtime="20150916 19:39:19.890" starttime="20150916 19:39:19.874" status="PASS"></status>
</kw>
<status endtime="20150916 19:39:19.890" starttime="20150916 19:39:19.859" status="PASS"></status>
</kw>
<kw name="Winner Should Be">
<arguments>
<arg>TIE</arg>
</arguments>
<kw library="SwingLibrary" name="Select Dialog">
<doc>Selects a dialog as current context and sets focus to it.</doc>
<arguments>
<arg>Game Over</arg>
</arguments>
<status endtime="20150916 19:39:20.986" starttime="20150916 19:39:19.890" status="PASS"></status>
</kw>
<kw library="BuiltIn" name="Catenate">
<doc>Catenates the given items together and returns the resulted string.</doc>
<arguments>
<arg>The winner is</arg>
<arg>${winner}</arg>
</arguments>
<assign>
<var>${message}</var>
</assign>
<msg level="INFO" timestamp="20150916 19:39:21.002">${message} = The winner is TIE</msg>
<status endtime="20150916 19:39:21.002" starttime="20150916 19:39:20.986" status="PASS"></status>
</kw>
<kw library="SwingLibrary" name="Label Text Should Be">
<doc>Checks the equality of given text and the text displayed on a label.</doc>
<arguments>
<arg>OptionPane.label</arg>
<arg>${message}</arg>
</arguments>
<status endtime="20150916 19:39:21.002" starttime="20150916 19:39:21.002" status="PASS"></status>
</kw>
<kw library="SwingLibrary" name="Close Dialog">
<doc>Closes a dialog.</doc>
<arguments>
<arg>Game Over</arg>
</arguments>
<status endtime="20150916 19:39:21.017" starttime="20150916 19:39:21.002" status="PASS"></status>
</kw>
<kw library="SwingLibrary" name="Close Window">
<doc>Closes a window.</doc>
<arguments>
<arg>Tic Tac Toe</arg>
</arguments>
<status endtime="20150916 19:39:31.184" starttime="20150916 19:39:21.017" status="PASS"></status>
</kw>
<status endtime="20150916 19:39:31.184" starttime="20150916 19:39:19.890" status="PASS"></status>
</kw>
<status critical="yes" endtime="20150916 19:39:31.184" starttime="20150916 19:39:17.685" status="PASS"></status>
</test>
<status endtime="20150916 19:39:31.216" starttime="20150916 19:38:49.311" status="PASS"></status>
</suite>
<statistics>
<total>
<stat pass="3" fail="0">Critical Tests</stat>
<stat pass="3" fail="0">All Tests</stat>
</total>
<tag>
</tag>
<suite>
<stat pass="3" fail="0" name="TicTacToeGUITests" id="s1">TicTacToeGUITests</stat>
</suite>
</statistics>
<errors>
</errors>
</robot>
